Arguments: 
  /Users/richarddennis/.nvm/versions/node/v9.4.0/bin/node /usr/local/Cellar/yarn/1.6.0/libexec/bin/yarn.js add graph-ql

PATH: 
  /Users/richarddennis/.nvm/versions/node/v9.4.0/bin:/Users/richarddennis/bin:/usr/local/bin:/usr/local/bin:/usr/bin:/bin:/usr/sbin:/sbin

Yarn version: 
  1.6.0

Node version: 
  9.4.0

Platform: 
  darwin x64

Trace: 
  Error: https://registry.yarnpkg.com/graph-ql: Not found
      at Request.params.callback [as _callback] (/usr/local/Cellar/yarn/1.6.0/libexec/lib/cli.js:65327:18)
      at Request.self.callback (/usr/local/Cellar/yarn/1.6.0/libexec/lib/cli.js:133155:22)
      at Request.emit (events.js:160:13)
      at Request.<anonymous> (/usr/local/Cellar/yarn/1.6.0/libexec/lib/cli.js:134138:10)
      at Request.emit (events.js:160:13)
      at IncomingMessage.<anonymous> (/usr/local/Cellar/yarn/1.6.0/libexec/lib/cli.js:134058:12)
      at Object.onceWrapper (events.js:255:19)
      at IncomingMessage.emit (events.js:165:20)
      at endReadableNT (_stream_readable.js:1101:12)
      at process._tickCallback (internal/process/next_tick.js:152:19)

npm manifest: 
  {
    "name": "dev-challenge",
    "version": "1.0.0",
    "description": "JDLT developer technical challenge",
    "main": "index.html",
    "scripts": {
      "test": "echo \"Error: no test specified\" && exit 1"
    },
    "repository": {
      "type": "git",
      "url": "git+https://github.com/JDLT-Ltd/dev-challenge.git"
    },
    "author": "Jake Dowie <jake@jdlt.co.uk>",
    "license": "ISC",
    "bugs": {
      "url": "https://github.com/JDLT-Ltd/dev-challenge/issues"
    },
    "homepage": "https://github.com/JDLT-Ltd/dev-challenge#readme",
    "dependencies": {
      "bootstrap": "^3.3.7",
      "jquery": "^3.2.1"
    }
  }

yarn manifest: 
  No manifest

Lockfile: 
  # THIS IS AN AUTOGENERATED FILE. DO NOT EDIT THIS FILE DIRECTLY.
  # yarn lockfile v1
  
  
  bootstrap@^3.3.7:
    version "3.3.7"
    resolved "https://registry.yarnpkg.com/bootstrap/-/bootstrap-3.3.7.tgz#5a389394549f23330875a3b150656574f8a9eb71"
  
  jquery@^3.2.1:
    version "3.2.1"
    resolved "https://registry.yarnpkg.com/jquery/-/jquery-3.2.1.tgz#5c4d9de652af6cd0a770154a631bba12b015c787"
